<?xml version="1.0" encoding="UTF-8"?>
<coverage generated="1779295648889" clover="3.2.0">
  <project timestamp="1779295648889" name="All files">
    <metrics statements="22" coveredstatements="18" conditionals="26" coveredconditionals="21" methods="17" coveredmethods="14" elements="65" coveredelements="53" complexity="0" loc="22" ncloc="22" packages="1" files="3" classes="3"/>
    <file name="PlayButton.tsx" path="/home/noss/Projects/Tunedesk/src/components/PlayButton.tsx">
      <metrics statements="3" coveredstatements="2" conditionals="3" coveredconditionals="3" methods="3" coveredmethods="2"/>
      <line num="8" count="4" type="stmt"/>
      <line num="25" count="1" type="stmt"/>
      <line num="26" count="0" type="stmt"/>
    </file>
    <file name="Select.tsx" path="/home/noss/Projects/Tunedesk/src/components/Select.tsx">
      <metrics statements="16" coveredstatements="14" conditionals="23" coveredconditionals="18" methods="11" coveredmethods="10"/>
      <line num="11" count="11" type="stmt"/>
      <line num="12" count="11" type="stmt"/>
      <line num="14" count="11" type="stmt"/>
      <line num="16" count="5" type="cond" truecount="4" falsecount="0"/>
      <line num="17" count="1" type="stmt"/>
      <line num="20" count="6" type="stmt"/>
      <line num="21" count="6" type="stmt"/>
      <line num="24" count="32" type="stmt"/>
      <line num="26" count="11" type="stmt"/>
      <line num="29" count="3" type="stmt"/>
      <line num="67" count="9" type="stmt"/>
      <line num="69" count="1" type="stmt"/>
      <line num="78" count="1" type="cond" truecount="1" falsecount="1"/>
      <line num="79" count="1" type="stmt"/>
      <line num="82" count="0" type="cond" truecount="0" falsecount="2"/>
      <line num="83" count="0" type="stmt"/>
    </file>
    <file name="SidebarCard.tsx" path="/home/noss/Projects/Tunedesk/src/components/SidebarCard.tsx">
      <metrics statements="3" coveredstatements="2" conditionals="0" coveredconditionals="0" methods="3" coveredmethods="2"/>
      <line num="8" count="4" type="stmt"/>
      <line num="19" count="1" type="stmt"/>
      <line num="20" count="0" type="stmt"/>
    </file>
  </project>
</coverage>
