{"/home/noss/Projects/Tunedesk/src/components/PlayButton.tsx": {"path":"/home/noss/Projects/Tunedesk/src/components/PlayButton.tsx","statementMap":{"0":{"start":{"line":8,"column":2},"end":{"line":35,"column":null}},"1":{"start":{"line":25,"column":30},"end":{"line":25,"column":null}},"2":{"start":{"line":26,"column":30},"end":{"line":26,"column":null}}},"fnMap":{"0":{"name":"PlayButton","decl":{"start":{"line":7,"column":24},"end":{"line":7,"column":35}},"loc":{"start":{"line":7,"column":89},"end":{"line":37,"column":null}},"line":7},"1":{"name":"(anonymous_1)","decl":{"start":{"line":25,"column":22},"end":{"line":25,"column":23}},"loc":{"start":{"line":25,"column":30},"end":{"line":25,"column":null}},"line":25},"2":{"name":"(anonymous_2)","decl":{"start":{"line":26,"column":22},"end":{"line":26,"column":23}},"loc":{"start":{"line":26,"column":30},"end":{"line":26,"column":null}},"line":26}},"branchMap":{"0":{"loc":{"start":{"line":7,"column":53},"end":{"line":7,"column":69}},"type":"default-arg","locations":[{"start":{"line":7,"column":67},"end":{"line":7,"column":69}}],"line":7},"1":{"loc":{"start":{"line":30,"column":7},"end":{"line":33,"column":null}},"type":"binary-expr","locations":[{"start":{"line":30,"column":7},"end":{"line":30,"column":null}},{"start":{"line":31,"column":8},"end":{"line":33,"column":null}}],"line":30}},"s":{"0":4,"1":1,"2":0},"f":{"0":4,"1":1,"2":0},"b":{"0":[4],"1":[4,1]},"meta":{"lastBranch":2,"lastFunction":3,"lastStatement":3,"seen":{"f:7:24:7:35":0,"b:7:67:7:69":0,"s:8:2:35:Infinity":0,"f:25:22:25:23":1,"s:25:30:25:Infinity":1,"f:26:22:26:23":2,"s:26:30:26:Infinity":2,"b:30:7:30:Infinity:31:8:33:Infinity":1}}}
,"/home/noss/Projects/Tunedesk/src/components/Select.tsx": {"path":"/home/noss/Projects/Tunedesk/src/components/Select.tsx","statementMap":{"0":{"start":{"line":11,"column":22},"end":{"line":11,"column":null}},"1":{"start":{"line":12,"column":8},"end":{"line":12,"column":null}},"2":{"start":{"line":14,"column":2},"end":{"line":22,"column":null}},"3":{"start":{"line":16,"column":6},"end":{"line":18,"column":null}},"4":{"start":{"line":17,"column":8},"end":{"line":17,"column":null}},"5":{"start":{"line":20,"column":4},"end":{"line":20,"column":null}},"6":{"start":{"line":21,"column":4},"end":{"line":21,"column":null}},"7":{"start":{"line":21,"column":17},"end":{"line":21,"column":null}},"8":{"start":{"line":24,"column":19},"end":{"line":24,"column":null}},"9":{"start":{"line":24,"column":39},"end":{"line":24,"column":56}},"10":{"start":{"line":26,"column":2},"end":{"line":91,"column":null}},"11":{"start":{"line":29,"column":23},"end":{"line":29,"column":null}},"12":{"start":{"line":29,"column":38},"end":{"line":29,"column":40}},"13":{"start":{"line":67,"column":12},"end":{"line":87,"column":null}},"14":{"start":{"line":69,"column":31},"end":{"line":69,"column":55}},"15":{"start":{"line":69,"column":55},"end":{"line":69,"column":71}},"16":{"start":{"line":78,"column":16},"end":{"line":79,"column":null}},"17":{"start":{"line":79,"column":18},"end":{"line":79,"column":null}},"18":{"start":{"line":82,"column":16},"end":{"line":83,"column":null}},"19":{"start":{"line":83,"column":18},"end":{"line":83,"column":null}}},"fnMap":{"0":{"name":"Select","decl":{"start":{"line":10,"column":24},"end":{"line":10,"column":31}},"loc":{"start":{"line":10,"column":101},"end":{"line":93,"column":null}},"line":10},"1":{"name":"(anonymous_1)","decl":{"start":{"line":14,"column":12},"end":{"line":14,"column":18}},"loc":{"start":{"line":14,"column":18},"end":{"line":22,"column":5}},"line":14},"2":{"name":"handleClickOutside","decl":{"start":{"line":15,"column":13},"end":{"line":15,"column":32}},"loc":{"start":{"line":15,"column":47},"end":{"line":19,"column":null}},"line":15},"3":{"name":"(anonymous_3)","decl":{"start":{"line":21,"column":11},"end":{"line":21,"column":17}},"loc":{"start":{"line":21,"column":17},"end":{"line":21,"column":null}},"line":21},"4":{"name":"(anonymous_4)","decl":{"start":{"line":24,"column":32},"end":{"line":24,"column":33}},"loc":{"start":{"line":24,"column":39},"end":{"line":24,"column":56}},"line":24},"5":{"name":"(anonymous_5)","decl":{"start":{"line":29,"column":17},"end":{"line":29,"column":23}},"loc":{"start":{"line":29,"column":23},"end":{"line":29,"column":null}},"line":29},"6":{"name":"(anonymous_6)","decl":{"start":{"line":29,"column":31},"end":{"line":29,"column":32}},"loc":{"start":{"line":29,"column":38},"end":{"line":29,"column":40}},"line":29},"7":{"name":"(anonymous_7)","decl":{"start":{"line":66,"column":23},"end":{"line":66,"column":24}},"loc":{"start":{"line":67,"column":12},"end":{"line":87,"column":null}},"line":67},"8":{"name":"(anonymous_8)","decl":{"start":{"line":69,"column":23},"end":{"line":69,"column":29}},"loc":{"start":{"line":69,"column":29},"end":{"line":69,"column":null}},"line":69},"9":{"name":"(anonymous_9)","decl":{"start":{"line":77,"column":28},"end":{"line":77,"column":29}},"loc":{"start":{"line":77,"column":35},"end":{"line":80,"column":null}},"line":77},"10":{"name":"(anonymous_10)","decl":{"start":{"line":81,"column":28},"end":{"line":81,"column":29}},"loc":{"start":{"line":81,"column":35},"end":{"line":84,"column":null}},"line":81}},"branchMap":{"0":{"loc":{"start":{"line":10,"column":59},"end":{"line":10,"column":85}},"type":"default-arg","locations":[{"start":{"line":10,"column":73},"end":{"line":10,"column":85}}],"line":10},"1":{"loc":{"start":{"line":16,"column":6},"end":{"line":18,"column":null}},"type":"if","locations":[{"start":{"line":16,"column":6},"end":{"line":18,"column":null}},{"start":{},"end":{}}],"line":16},"2":{"loc":{"start":{"line":16,"column":10},"end":{"line":16,"column":66}},"type":"binary-expr","locations":[{"start":{"line":16,"column":10},"end":{"line":16,"column":25}},{"start":{"line":16,"column":25},"end":{"line":16,"column":66}}],"line":16},"3":{"loc":{"start":{"line":36,"column":24},"end":{"line":36,"column":null}},"type":"cond-expr","locations":[{"start":{"line":36,"column":31},"end":{"line":36,"column":47}},{"start":{"line":36,"column":47},"end":{"line":36,"column":null}}],"line":36},"4":{"loc":{"start":{"line":38,"column":17},"end":{"line":38,"column":null}},"type":"cond-expr","locations":[{"start":{"line":38,"column":28},"end":{"line":38,"column":50}},{"start":{"line":38,"column":50},"end":{"line":38,"column":null}}],"line":38},"5":{"loc":{"start":{"line":43,"column":15},"end":{"line":43,"column":55}},"type":"cond-expr","locations":[{"start":{"line":43,"column":26},"end":{"line":43,"column":43}},{"start":{"line":43,"column":43},"end":{"line":43,"column":55}}],"line":43},"6":{"loc":{"start":{"line":46,"column":21},"end":{"line":46,"column":null}},"type":"cond-expr","locations":[{"start":{"line":46,"column":28},"end":{"line":46,"column":47}},{"start":{"line":46,"column":47},"end":{"line":46,"column":null}}],"line":46},"7":{"loc":{"start":{"line":53,"column":7},"end":{"line":89,"column":null}},"type":"binary-expr","locations":[{"start":{"line":53,"column":7},"end":{"line":53,"column":null}},{"start":{"line":54,"column":8},"end":{"line":89,"column":null}}],"line":53},"8":{"loc":{"start":{"line":73,"column":23},"end":{"line":73,"column":null}},"type":"cond-expr","locations":[{"start":{"line":73,"column":48},"end":{"line":73,"column":70}},{"start":{"line":73,"column":70},"end":{"line":73,"column":null}}],"line":73},"9":{"loc":{"start":{"line":74,"column":28},"end":{"line":74,"column":null}},"type":"cond-expr","locations":[{"start":{"line":74,"column":53},"end":{"line":74,"column":81}},{"start":{"line":74,"column":81},"end":{"line":74,"column":null}}],"line":74},"10":{"loc":{"start":{"line":78,"column":16},"end":{"line":79,"column":null}},"type":"if","locations":[{"start":{"line":78,"column":16},"end":{"line":79,"column":null}},{"start":{},"end":{}}],"line":78},"11":{"loc":{"start":{"line":82,"column":16},"end":{"line":83,"column":null}},"type":"if","locations":[{"start":{"line":82,"column":16},"end":{"line":83,"column":null}},{"start":{},"end":{}}],"line":82}},"s":{"0":11,"1":11,"2":11,"3":5,"4":1,"5":6,"6":6,"7":6,"8":11,"9":32,"10":11,"11":3,"12":3,"13":9,"14":1,"15":1,"16":1,"17":1,"18":0,"19":0},"f":{"0":11,"1":6,"2":5,"3":6,"4":32,"5":3,"6":3,"7":9,"8":1,"9":1,"10":0},"b":{"0":[11],"1":[1,4],"2":[5,5],"3":[3,8],"4":[1,10],"5":[1,10],"6":[3,8],"7":[11,3],"8":[0,9],"9":[0,9],"10":[1,0],"11":[0,0]},"meta":{"lastBranch":12,"lastFunction":11,"lastStatement":20,"seen":{"f:10:24:10:31":0,"b:10:73:10:85":0,"s:11:22:11:Infinity":0,"s:12:8:12:Infinity":1,"s:14:2:22:Infinity":2,"f:14:12:14:18":1,"f:15:13:15:32":2,"b:16:6:18:Infinity:undefined:undefined:undefined:undefined":1,"s:16:6:18:Infinity":3,"b:16:10:16:25:16:25:16:66":2,"s:17:8:17:Infinity":4,"s:20:4:20:Infinity":5,"s:21:4:21:Infinity":6,"f:21:11:21:17":3,"s:21:17:21:Infinity":7,"s:24:19:24:Infinity":8,"f:24:32:24:33":4,"s:24:39:24:56":9,"s:26:2:91:Infinity":10,"f:29:17:29:23":5,"s:29:23:29:Infinity":11,"f:29:31:29:32":6,"s:29:38:29:40":12,"b:36:31:36:47:36:47:36:Infinity":3,"b:38:28:38:50:38:50:38:Infinity":4,"b:43:26:43:43:43:43:43:55":5,"b:46:28:46:47:46:47:46:Infinity":6,"b:53:7:53:Infinity:54:8:89:Infinity":7,"f:66:23:66:24":7,"s:67:12:87:Infinity":13,"f:69:23:69:29":8,"s:69:31:69:55":14,"s:69:55:69:71":15,"b:73:48:73:70:73:70:73:Infinity":8,"b:74:53:74:81:74:81:74:Infinity":9,"f:77:28:77:29":9,"b:78:16:79:Infinity:undefined:undefined:undefined:undefined":10,"s:78:16:79:Infinity":16,"s:79:18:79:Infinity":17,"f:81:28:81:29":10,"b:82:16:83:Infinity:undefined:undefined:undefined:undefined":11,"s:82:16:83:Infinity":18,"s:83:18:83:Infinity":19}}}
,"/home/noss/Projects/Tunedesk/src/components/SidebarCard.tsx": {"path":"/home/noss/Projects/Tunedesk/src/components/SidebarCard.tsx","statementMap":{"0":{"start":{"line":8,"column":2},"end":{"line":26,"column":null}},"1":{"start":{"line":19,"column":26},"end":{"line":19,"column":null}},"2":{"start":{"line":20,"column":26},"end":{"line":20,"column":null}}},"fnMap":{"0":{"name":"SidebarCard","decl":{"start":{"line":7,"column":24},"end":{"line":7,"column":36}},"loc":{"start":{"line":7,"column":80},"end":{"line":28,"column":null}},"line":7},"1":{"name":"(anonymous_1)","decl":{"start":{"line":19,"column":20},"end":{"line":19,"column":26}},"loc":{"start":{"line":19,"column":26},"end":{"line":19,"column":null}},"line":19},"2":{"name":"(anonymous_2)","decl":{"start":{"line":20,"column":20},"end":{"line":20,"column":26}},"loc":{"start":{"line":20,"column":26},"end":{"line":20,"column":null}},"line":20}},"branchMap":{},"s":{"0":4,"1":1,"2":0},"f":{"0":4,"1":1,"2":0},"b":{},"meta":{"lastBranch":0,"lastFunction":3,"lastStatement":3,"seen":{"f:7:24:7:36":0,"s:8:2:26:Infinity":0,"f:19:20:19:26":1,"s:19:26:19:Infinity":1,"f:20:20:20:26":2,"s:20:26:20:Infinity":2}}}
}
